[16:50:04] [main/INFO] (FabricLoader/GameProvider) Loading Minecraft 1.21.6 with Fabric Loader 0.16.14
[16:50:04] [main/INFO] (FabricLoader) Loading 49 mods:
	- fabric-api 0.128.2+1.21.6
	- fabric-api-base 0.4.64+9ec45cd896
	- fabric-api-lookup-api-v1 1.6.100+946bf4c396
	- fabric-biome-api-v1 16.0.11+946bf4c396
	- fabric-block-api-v1 1.1.3+946bf4c396
	- fabric-block-view-api-v2 1.0.31+946bf4c396
	- fabric-client-gametest-api-v1 4.2.5+98137fcb96
	- fabric-command-api-v2 2.2.53+946bf4c396
	- fabric-content-registries-v0 10.0.18+946bf4c396
	- fabric-convention-tags-v1 2.1.38+7f945d5b96
	- fabric-convention-tags-v2 2.15.3+946bf4c396
	- fabric-crash-report-info-v1 0.3.15+946bf4c396
	- fabric-data-attachment-api-v1 1.8.10+946bf4c396
	- fabric-data-generation-api-v1 23.2.3+c265f73696
	- fabric-dimensions-v1 4.0.19+946bf4c396
	- fabric-entity-events-v1 2.1.1+c9e4727396
	- fabric-events-interaction-v0 4.0.23+946bf4c396
	- fabric-game-rule-api-v1 1.0.73+12a186f696
	- fabric-gametest-api-v1 3.1.9+39ce47f596
	- fabric-item-api-v1 11.4.3+946bf4c396
	- fabric-item-group-api-v1 4.2.13+946bf4c396
	- fabric-key-binding-api-v1 1.0.65+946bf4c396
	- fabric-lifecycle-events-v1 2.6.3+db4dfd8596
	- fabric-loot-api-v2 3.0.55+3f89f5a596
	- fabric-loot-api-v3 2.0.2+946bf4c396
	- fabric-message-api-v1 6.1.1+946bf4c396
	- fabric-model-loading-api-v1 5.2.5+946bf4c396
	- fabric-networking-api-v1 5.0.1+946bf4c396
	- fabric-object-builder-api-v1 21.1.7+946bf4c396
	- fabric-particles-v1 4.1.7+946bf4c396
	- fabric-recipe-api-v1 8.1.14+946bf4c396
	- fabric-registry-sync-v0 6.1.27+946bf4c396
	- fabric-renderer-api-v1 7.0.2+946bf4c396
	- fabric-renderer-indigo 4.0.2+946bf4c396
	- fabric-rendering-fluids-v1 3.1.30+fa6cb72b96
	- fabric-rendering-v1 12.4.0+e8d43c7696
	- fabric-resource-conditions-api-v1 5.0.24+946bf4c396
	- fabric-resource-loader-v0 3.1.11+946bf4c396
	- fabric-screen-api-v1 2.0.51+946bf4c396
	- fabric-screen-handler-api-v1 1.3.136+946bf4c396
	- fabric-sound-api-v1 1.0.42+946bf4c396
	- fabric-tag-api-v1 1.2.1+946bf4c396
	- fabric-transfer-api-v1 6.0.5+946bf4c396
	- fabric-transitive-access-wideners-v1 6.4.1+ac3e15d196
	- fabricloader 0.16.14
	- java 21
	- lapisreservereborn 0.1.0
	- minecraft 1.21.6
	- mixinextras 0.4.1
[16:50:04] [main/INFO] (FabricLoader/Mixin) SpongePowered MIXIN Subsystem Version=0.8.7 Source=file:/C:/Users/cjame/.gradle/caches/modules-2/files-2.1/net.fabricmc/sponge-mixin/0.15.5+mixin.0.8.7/22f9eb729e216a091673a574a5906dc1b9027fb3/sponge-mixin-0.15.5+mixin.0.8.7.jar Service=Knot/Fabric Env=CLIENT
[16:50:04] [main/INFO] (FabricLoader/Mixin) Loaded Fabric development mappings for mixin remapper!
[16:50:04] [main/INFO] (FabricLoader/Mixin) Compatibility level set to JAVA_21
[16:50:05] [main/INFO] (FabricLoader/MixinExtras|Service) Initializing MixinExtras via com.llamalad7.mixinextras.service.MixinExtrasServiceImpl(version=0.4.1).
[16:50:06] [Datafixer Bootstrap/INFO] (Minecraft) 269 Datafixer optimizations took 294 milliseconds
[16:50:09] [Render thread/INFO] (Minecraft) Environment: Environment[sessionHost=https://sessionserver.mojang.com, servicesHost=https://api.minecraftservices.com, name=PROD]
[16:50:09] [Render thread/INFO] (Minecraft) Setting user: Player200
[16:50:09] [Render thread/INFO] (lapisreservereborn) Initializing lapisreservereborn on fabric
[16:50:09] [Render thread/INFO] (Indigo) [Indigo] Registering Indigo renderer!
[16:50:09] [Render thread/INFO] (Minecraft) Backend library: LWJGL version 3.3.3-snapshot
[16:50:10] [Render thread/INFO] (Minecraft) Using optional rendering extensions: GL_ARB_buffer_storage, GL_KHR_debug, GL_ARB_vertex_attrib_binding, GL_ARB_direct_state_access
[16:50:10] [Render thread/INFO] (Minecraft) Reloading ResourceManager: vanilla, fabric, fabric-api, fabric-api-base, fabric-api-lookup-api-v1, fabric-biome-api-v1, fabric-block-api-v1, fabric-block-view-api-v2, fabric-client-gametest-api-v1, fabric-command-api-v2, fabric-content-registries-v0, fabric-convention-tags-v1, fabric-convention-tags-v2, fabric-crash-report-info-v1, fabric-data-attachment-api-v1, fabric-data-generation-api-v1, fabric-dimensions-v1, fabric-entity-events-v1, fabric-events-interaction-v0, fabric-game-rule-api-v1, fabric-gametest-api-v1, fabric-item-api-v1, fabric-item-group-api-v1, fabric-key-binding-api-v1, fabric-lifecycle-events-v1, fabric-loot-api-v2, fabric-loot-api-v3, fabric-message-api-v1, fabric-model-loading-api-v1, fabric-networking-api-v1, fabric-object-builder-api-v1, fabric-particles-v1, fabric-recipe-api-v1, fabric-registry-sync-v0, fabric-renderer-api-v1, fabric-renderer-indigo, fabric-rendering-fluids-v1, fabric-rendering-v1, fabric-resource-conditions-api-v1, fabric-resource-loader-v0, fabric-screen-api-v1, fabric-screen-handler-api-v1, fabric-sound-api-v1, fabric-tag-api-v1, fabric-transfer-api-v1, fabric-transitive-access-wideners-v1, fabricloader
[16:50:10] [Worker-Main-10/INFO] (Minecraft) Found unifont_pua-16.0.03.hex, loading
[16:50:10] [Worker-Main-9/INFO] (Minecraft) Found unifont_all_no_pua-16.0.03.hex, loading
[16:50:10] [Worker-Main-11/INFO] (Minecraft) Found unifont_jp_patch-16.0.03.hex, loading
[16:50:11] [Render thread/INFO] (Minecraft) OpenAL initialized on device OpenAL Soft on Speakers (Focusrite USB Audio)
[16:50:11] [Render thread/INFO] (Minecraft) Sound engine started
[16:50:11] [Render thread/INFO] (Minecraft) Created: 1024x512x4 minecraft:textures/atlas/blocks.png-atlas
[16:50:11] [Render thread/INFO] (Minecraft) Created: 256x256x4 minecraft:textures/atlas/signs.png-atlas
[16:50:11] [Render thread/INFO] (Minecraft) Created: 512x512x4 minecraft:textures/atlas/banner_patterns.png-atlas
[16:50:11] [Render thread/INFO] (Minecraft) Created: 512x512x4 minecraft:textures/atlas/shield_patterns.png-atlas
[16:50:11] [Render thread/INFO] (Minecraft) Created: 2048x1024x4 minecraft:textures/atlas/armor_trims.png-atlas
[16:50:11] [Render thread/INFO] (Minecraft) Created: 128x64x4 minecraft:textures/atlas/decorated_pot.png-atlas
[16:50:11] [Render thread/INFO] (Minecraft) Created: 256x256x4 minecraft:textures/atlas/chest.png-atlas
[16:50:11] [Render thread/INFO] (Minecraft) Created: 512x256x4 minecraft:textures/atlas/beds.png-atlas
[16:50:11] [Render thread/INFO] (Minecraft) Created: 512x256x4 minecraft:textures/atlas/shulker_boxes.png-atlas
[16:50:11] [Render thread/INFO] (Minecraft) Created: 64x64x0 minecraft:textures/atlas/map_decorations.png-atlas
[16:50:11] [Render thread/INFO] (Minecraft) Created: 512x256x0 minecraft:textures/atlas/particles.png-atlas
[16:50:11] [Render thread/INFO] (Minecraft) Created: 512x256x0 minecraft:textures/atlas/paintings.png-atlas
[16:50:11] [Render thread/INFO] (Minecraft) Created: 1024x512x0 minecraft:textures/atlas/gui.png-atlas
[16:50:17] [Render thread/INFO] (Minecraft) Loaded 1408 recipes
[16:50:17] [Render thread/INFO] (Minecraft) Loaded 1521 advancements
[16:50:17] [Render thread/INFO] (BiomeModificationImpl) Applied 0 biome modifications to 0 of 65 new biomes in 866.1 μs
[16:50:17] [Server thread/INFO] (Minecraft) Starting integrated minecraft server version 1.21.6
[16:50:17] [Server thread/INFO] (Minecraft) Generating keypair
[16:50:17] [Server thread/INFO] (Minecraft) Preparing start region for dimension minecraft:overworld
[16:50:17] [Render thread/INFO] (Minecraft) Preparing spawn area: 0%
[16:50:17] [Render thread/INFO] (Minecraft) Time elapsed: 502 ms
[16:50:17] [Server thread/INFO] (Minecraft) Changing view distance to 12, from 10
[16:50:17] [Server thread/INFO] (Minecraft) Changing simulation distance to 12, from 0
[16:50:18] [Server thread/INFO] (Minecraft) Player200[local:E:d131c042] logged in with entity id 42 at (5.137077357273762, 103.0, -13.489382244758042)
[16:50:18] [Server thread/INFO] (Minecraft) Player200 joined the game
[16:50:18] [Render thread/INFO] (Minecraft) Loaded 4 advancements
[16:50:18] [Render thread/INFO] (Minecraft) Resizing Dynamic Transforms UBO, capacity limit of 2 reached during a single frame. New capacity will be 4.
[16:50:18] [Render thread/INFO] (Minecraft) Resizing Dynamic Transforms UBO, capacity limit of 4 reached during a single frame. New capacity will be 8.
[16:50:18] [Render thread/INFO] (Minecraft) Resizing Dynamic Transforms UBO, capacity limit of 8 reached during a single frame. New capacity will be 16.
[16:50:18] [Render thread/INFO] (Minecraft) Resizing Dynamic Transforms UBO, capacity limit of 16 reached during a single frame. New capacity will be 32.
[16:50:18] [Render thread/INFO] (Minecraft) Resizing Dynamic Transforms UBO, capacity limit of 32 reached during a single frame. New capacity will be 64.
[16:50:18] [Render thread/INFO] (Minecraft) Resizing Dynamic Transforms UBO, capacity limit of 64 reached during a single frame. New capacity will be 128.
[16:50:19] [Render thread/INFO] (Minecraft) Resizing Dynamic Transforms UBO, capacity limit of 128 reached during a single frame. New capacity will be 256.
[16:50:19] [Render thread/INFO] (Minecraft) Resizing Dynamic Transforms UBO, capacity limit of 256 reached during a single frame. New capacity will be 512.
[16:50:19] [Render thread/INFO] (Minecraft) Resizing Dynamic Transforms UBO, capacity limit of 512 reached during a single frame. New capacity will be 1024.
[16:50:22] [Server thread/INFO] (Minecraft) Saving and pausing game...
[16:50:22] [Server thread/INFO] (Minecraft) Saving chunks for level 'ServerLevel[New World]'/minecraft:overworld
[16:50:22] [Server thread/INFO] (Minecraft) Saving chunks for level 'ServerLevel[New World]'/minecraft:the_end
[16:50:22] [Server thread/INFO] (Minecraft) Saving chunks for level 'ServerLevel[New World]'/minecraft:the_nether
[16:50:22] [Server thread/INFO] (Minecraft) Player200 lost connection: Disconnected
[16:50:22] [Server thread/INFO] (Minecraft) Player200 left the game
[16:50:22] [Server thread/INFO] (Minecraft) Stopping singleplayer server as player logged out
[16:50:22] [Server thread/INFO] (Minecraft) Stopping server
[16:50:22] [Server thread/INFO] (Minecraft) Saving players
[16:50:22] [Server thread/INFO] (Minecraft) Saving worlds
[16:50:22] [Server thread/INFO] (Minecraft) Saving chunks for level 'ServerLevel[New World]'/minecraft:overworld
[16:50:23] [Server thread/INFO] (Minecraft) Saving chunks for level 'ServerLevel[New World]'/minecraft:the_end
[16:50:23] [Server thread/INFO] (Minecraft) Saving chunks for level 'ServerLevel[New World]'/minecraft:the_nether
[16:50:23] [Server thread/INFO] (Minecraft) ThreadedAnvilChunkStorage (New World): All chunks are saved
[16:50:23] [Server thread/INFO] (Minecraft) ThreadedAnvilChunkStorage (DIM1): All chunks are saved
[16:50:23] [Server thread/INFO] (Minecraft) ThreadedAnvilChunkStorage (DIM-1): All chunks are saved
[16:50:23] [Server thread/INFO] (Minecraft) ThreadedAnvilChunkStorage: All dimensions are saved
[16:50:24] [Render thread/INFO] (Minecraft) Loaded 1408 recipes
[16:50:24] [Render thread/INFO] (Minecraft) Loaded 1521 advancements
[16:50:24] [Render thread/INFO] (BiomeModificationImpl) Applied 0 biome modifications to 0 of 65 new biomes in 167.2 μs
[16:50:24] [Server thread/INFO] (Minecraft) Starting integrated minecraft server version 1.21.6
[16:50:24] [Server thread/INFO] (Minecraft) Generating keypair
[16:50:24] [Server thread/INFO] (Minecraft) Preparing start region for dimension minecraft:overworld
[16:50:24] [Render thread/INFO] (Minecraft) Preparing spawn area: 0%
[16:50:25] [Server thread/INFO] (Minecraft) Changing view distance to 12, from 10
[16:50:25] [Server thread/INFO] (Minecraft) Changing simulation distance to 12, from 0
[16:50:25] [Render thread/INFO] (Minecraft) Time elapsed: 363 ms
[16:50:25] [Server thread/INFO] (Minecraft) Player200[local:E:f3ce3454] logged in with entity id 295 at (5.137077357273762, 103.0, -13.489382244758042)
[16:50:25] [Server thread/INFO] (Minecraft) Player200 joined the game
[16:50:25] [Render thread/INFO] (Minecraft) Loaded 4 advancements
[16:50:30] [Render thread/INFO] (Minecraft) Resizing Dynamic Transforms UBO, capacity limit of 1024 reached during a single frame. New capacity will be 2048.
[16:50:51] [Server thread/INFO] (Minecraft) Saving and pausing game...
[16:50:51] [Server thread/INFO] (Minecraft) Saving chunks for level 'ServerLevel[New World]'/minecraft:overworld
[16:50:51] [Server thread/INFO] (Minecraft) Saving chunks for level 'ServerLevel[New World]'/minecraft:the_end
[16:50:51] [Server thread/INFO] (Minecraft) Saving chunks for level 'ServerLevel[New World]'/minecraft:the_nether
[16:50:52] [Server thread/INFO] (Minecraft) Player200 lost connection: Disconnected
[16:50:52] [Server thread/INFO] (Minecraft) Player200 left the game
[16:50:52] [Server thread/INFO] (Minecraft) Stopping singleplayer server as player logged out
[16:50:52] [Server thread/INFO] (Minecraft) Stopping server
[16:50:52] [Server thread/INFO] (Minecraft) Saving players
[16:50:52] [Server thread/INFO] (Minecraft) Saving worlds
[16:50:52] [Server thread/INFO] (Minecraft) Saving chunks for level 'ServerLevel[New World]'/minecraft:overworld
[16:50:53] [Server thread/INFO] (Minecraft) Saving chunks for level 'ServerLevel[New World]'/minecraft:the_end
[16:50:53] [Server thread/INFO] (Minecraft) Saving chunks for level 'ServerLevel[New World]'/minecraft:the_nether
[16:50:53] [Server thread/INFO] (Minecraft) ThreadedAnvilChunkStorage (New World): All chunks are saved
[16:50:53] [Server thread/INFO] (Minecraft) ThreadedAnvilChunkStorage (DIM1): All chunks are saved
[16:50:53] [Server thread/INFO] (Minecraft) ThreadedAnvilChunkStorage (DIM-1): All chunks are saved
[16:50:53] [Server thread/INFO] (Minecraft) ThreadedAnvilChunkStorage: All dimensions are saved
[16:50:53] [Render thread/INFO] (Minecraft) Stopping!
